2021-06-29 22:06:494 INFO  BasePage :31 - Launching Chrome Browser 
2021-06-29 22:06:320 INFO  HomePage :22 - Clicking on : [[ChromeDriver: chrome on WINDOWS (1cf8140a63e15f0544251525f938b725)] -> xpath: //button[contains(text(),'Bank Manager Login')]]
2021-06-29 22:06:747 INFO  BankManagerLoginPage :22 - Clicking on : [[ChromeDriver: chrome on WINDOWS (1cf8140a63e15f0544251525f938b725)] -> xpath: //button[contains(text(),'Add Customer')]]
2021-06-29 22:06:867 INFO  AddCustomerPage :32 - Send text Jenna to field : [[ChromeDriver: chrome on WINDOWS (1cf8140a63e15f0544251525f938b725)] -> xpath: //input[@placeholder='First Name']]
2021-06-29 22:06:959 INFO  AddCustomerPage :37 - Send text Salvator to field : [[ChromeDriver: chrome on WINDOWS (1cf8140a63e15f0544251525f938b725)] -> xpath: //input[@placeholder='Last Name']]
2021-06-29 22:06:979 INFO  AddCustomerPage :41 - Send text : LE43NJ to field : [[ChromeDriver: chrome on WINDOWS (1cf8140a63e15f0544251525f938b725)] -> xpath: //input[@placeholder='Post Code']]
2021-06-29 22:06:179 INFO  AddCustomerPage :47 - Clicking on : [[ChromeDriver: chrome on WINDOWS (1cf8140a63e15f0544251525f938b725)] -> css selector: button.btn.btn-default]
2021-06-29 22:06:770 INFO  BasePage :31 - Launching Chrome Browser 
2021-06-29 22:06:741 INFO  HomePage :22 - Clicking on : [[ChromeDriver: chrome on WINDOWS (5688827dc1c2058e131806a769fb311d)] -> xpath: //button[contains(text(),'Bank Manager Login')]]
2021-06-29 22:06:164 INFO  BankManagerLoginPage :22 - Clicking on : [[ChromeDriver: chrome on WINDOWS (5688827dc1c2058e131806a769fb311d)] -> xpath: //button[contains(text(),'Add Customer')]]
2021-06-29 22:06:296 INFO  AddCustomerPage :32 - Send text Jenna to field : [[ChromeDriver: chrome on WINDOWS (5688827dc1c2058e131806a769fb311d)] -> xpath: //input[@placeholder='First Name']]
2021-06-29 22:06:391 INFO  AddCustomerPage :37 - Send text Salvator to field : [[ChromeDriver: chrome on WINDOWS (5688827dc1c2058e131806a769fb311d)] -> xpath: //input[@placeholder='Last Name']]
2021-06-29 22:06:410 INFO  AddCustomerPage :41 - Send text : LE43NJ to field : [[ChromeDriver: chrome on WINDOWS (5688827dc1c2058e131806a769fb311d)] -> xpath: //input[@placeholder='Post Code']]
2021-06-29 22:06:613 INFO  AddCustomerPage :47 - Clicking on : [[ChromeDriver: chrome on WINDOWS (5688827dc1c2058e131806a769fb311d)] -> css selector: button.btn.btn-default]
2021-06-29 22:06:07 INFO  BasePage :31 - Launching Chrome Browser 
2021-06-29 22:06:800 INFO  HomePage :22 - Clicking on : [[ChromeDriver: chrome on WINDOWS (b69ef1d0677b1544fbde88686e7a2635)] -> xpath: //button[contains(text(),'Bank Manager Login')]]
2021-06-29 22:06:172 INFO  BankManagerLoginPage :22 - Clicking on : [[ChromeDriver: chrome on WINDOWS (b69ef1d0677b1544fbde88686e7a2635)] -> xpath: //button[contains(text(),'Add Customer')]]
2021-06-29 22:06:284 INFO  AddCustomerPage :32 - Send text Jenna to field : [[ChromeDriver: chrome on WINDOWS (b69ef1d0677b1544fbde88686e7a2635)] -> xpath: //input[@placeholder='First Name']]
2021-06-29 22:06:378 INFO  AddCustomerPage :37 - Send text Salvator to field : [[ChromeDriver: chrome on WINDOWS (b69ef1d0677b1544fbde88686e7a2635)] -> xpath: //input[@placeholder='Last Name']]
2021-06-29 22:06:396 INFO  AddCustomerPage :41 - Send text : LE43NJ to field : [[ChromeDriver: chrome on WINDOWS (b69ef1d0677b1544fbde88686e7a2635)] -> xpath: //input[@placeholder='Post Code']]
2021-06-29 22:06:599 INFO  AddCustomerPage :47 - Clicking on : [[ChromeDriver: chrome on WINDOWS (b69ef1d0677b1544fbde88686e7a2635)] -> css selector: button.btn.btn-default]
2021-06-29 23:06:522 INFO  BasePage :31 - Launching Chrome Browser 
2021-06-29 23:06:292 INFO  HomePage :22 - Clicking on : [[ChromeDriver: chrome on WINDOWS (f7154a3e6efe7374e9d53a79e5da9092)] -> xpath: //button[contains(text(),'Bank Manager Login')]]
2021-06-29 23:06:594 INFO  BankManagerLoginPage :22 - Clicking on : [[ChromeDriver: chrome on WINDOWS (f7154a3e6efe7374e9d53a79e5da9092)] -> xpath: //button[contains(text(),'Add Customer')]]
2021-06-29 23:06:732 INFO  AddCustomerPage :32 - Send text Jenna to field : [[ChromeDriver: chrome on WINDOWS (f7154a3e6efe7374e9d53a79e5da9092)] -> xpath: //input[@placeholder='First Name']]
2021-06-29 23:06:828 INFO  AddCustomerPage :37 - Send text Salvator to field : [[ChromeDriver: chrome on WINDOWS (f7154a3e6efe7374e9d53a79e5da9092)] -> xpath: //input[@placeholder='Last Name']]
2021-06-29 23:06:845 INFO  AddCustomerPage :41 - Send text : LE43NJ to field : [[ChromeDriver: chrome on WINDOWS (f7154a3e6efe7374e9d53a79e5da9092)] -> xpath: //input[@placeholder='Post Code']]
2021-06-29 23:06:60 INFO  AddCustomerPage :47 - Clicking on : [[ChromeDriver: chrome on WINDOWS (f7154a3e6efe7374e9d53a79e5da9092)] -> css selector: button.btn.btn-default]
2021-06-29 23:06:496 INFO  BasePage :31 - Launching Chrome Browser 
2021-06-29 23:06:352 INFO  HomePage :22 - Clicking on : [[ChromeDriver: chrome on WINDOWS (0fb5f031bc606fc2b8f23789852c65b4)] -> xpath: //button[contains(text(),'Bank Manager Login')]]
2021-06-29 23:06:763 INFO  BankManagerLoginPage :22 - Clicking on : [[ChromeDriver: chrome on WINDOWS (0fb5f031bc606fc2b8f23789852c65b4)] -> xpath: //button[contains(text(),'Add Customer')]]
2021-06-29 23:06:887 INFO  AddCustomerPage :32 - Send text Jenna to field : [[ChromeDriver: chrome on WINDOWS (0fb5f031bc606fc2b8f23789852c65b4)] -> xpath: //input[@placeholder='First Name']]
2021-06-29 23:06:982 INFO  AddCustomerPage :37 - Send text Salvator to field : [[ChromeDriver: chrome on WINDOWS (0fb5f031bc606fc2b8f23789852c65b4)] -> xpath: //input[@placeholder='Last Name']]
2021-06-29 23:06:02 INFO  AddCustomerPage :41 - Send text : LE43NJ to field : [[ChromeDriver: chrome on WINDOWS (0fb5f031bc606fc2b8f23789852c65b4)] -> xpath: //input[@placeholder='Post Code']]
2021-06-29 23:06:201 INFO  AddCustomerPage :47 - Clicking on : [[ChromeDriver: chrome on WINDOWS (0fb5f031bc606fc2b8f23789852c65b4)] -> css selector: button.btn.btn-default]
2021-06-29 23:06:78 INFO  BasePage :31 - Launching Chrome Browser 
2021-06-29 23:06:919 INFO  HomePage :22 - Clicking on : [[ChromeDriver: chrome on WINDOWS (15a10317f9a932600eecc983e62bfcce)] -> xpath: //button[contains(text(),'Bank Manager Login')]]
2021-06-29 23:06:231 INFO  BankManagerLoginPage :22 - Clicking on : [[ChromeDriver: chrome on WINDOWS (15a10317f9a932600eecc983e62bfcce)] -> xpath: //button[contains(text(),'Add Customer')]]
2021-06-29 23:06:370 INFO  AddCustomerPage :32 - Send text Jenna to field : [[ChromeDriver: chrome on WINDOWS (15a10317f9a932600eecc983e62bfcce)] -> xpath: //input[@placeholder='First Name']]
2021-06-29 23:06:464 INFO  AddCustomerPage :37 - Send text Salvator to field : [[ChromeDriver: chrome on WINDOWS (15a10317f9a932600eecc983e62bfcce)] -> xpath: //input[@placeholder='Last Name']]
2021-06-29 23:06:481 INFO  AddCustomerPage :41 - Send text : LE43NJ to field : [[ChromeDriver: chrome on WINDOWS (15a10317f9a932600eecc983e62bfcce)] -> xpath: //input[@placeholder='Post Code']]
2021-06-29 23:06:699 INFO  AddCustomerPage :47 - Clicking on : [[ChromeDriver: chrome on WINDOWS (15a10317f9a932600eecc983e62bfcce)] -> css selector: button.btn.btn-default]
2021-06-29 23:06:865 INFO  BasePage :31 - Launching Chrome Browser 
2021-06-29 23:06:613 INFO  HomePage :22 - Clicking on : [[ChromeDriver: chrome on WINDOWS (90c2671e47544cc7a6a4c659189be341)] -> xpath: //button[contains(text(),'Bank Manager Login')]]
2021-06-29 23:06:861 INFO  BankManagerLoginPage :22 - Clicking on : [[ChromeDriver: chrome on WINDOWS (90c2671e47544cc7a6a4c659189be341)] -> xpath: //button[contains(text(),'Add Customer')]]
2021-06-29 23:06:970 INFO  AddCustomerPage :32 - Send text Jenna to field : [[ChromeDriver: chrome on WINDOWS (90c2671e47544cc7a6a4c659189be341)] -> xpath: //input[@placeholder='First Name']]
2021-06-29 23:06:66 INFO  AddCustomerPage :37 - Send text Salvator to field : [[ChromeDriver: chrome on WINDOWS (90c2671e47544cc7a6a4c659189be341)] -> xpath: //input[@placeholder='Last Name']]
2021-06-29 23:06:84 INFO  AddCustomerPage :41 - Send text : LE43NJ to field : [[ChromeDriver: chrome on WINDOWS (90c2671e47544cc7a6a4c659189be341)] -> xpath: //input[@placeholder='Post Code']]
2021-06-29 23:06:267 INFO  AddCustomerPage :47 - Clicking on : [[ChromeDriver: chrome on WINDOWS (90c2671e47544cc7a6a4c659189be341)] -> css selector: button.btn.btn-default]
2021-06-29 23:06:25 INFO  BasePage :31 - Launching Chrome Browser 
2021-06-29 23:06:705 INFO  HomePage :22 - Clicking on : [[ChromeDriver: chrome on WINDOWS (133fafeb475f3f961056fa1ab2c8ec34)] -> xpath: //button[contains(text(),'Bank Manager Login')]]
2021-06-29 23:06:89 INFO  BankManagerLoginPage :22 - Clicking on : [[ChromeDriver: chrome on WINDOWS (133fafeb475f3f961056fa1ab2c8ec34)] -> xpath: //button[contains(text(),'Add Customer')]]
2021-06-29 23:06:192 INFO  AddCustomerPage :32 - Send text Jenna to field : [[ChromeDriver: chrome on WINDOWS (133fafeb475f3f961056fa1ab2c8ec34)] -> xpath: //input[@placeholder='First Name']]
2021-06-29 23:06:285 INFO  AddCustomerPage :37 - Send text Salvator to field : [[ChromeDriver: chrome on WINDOWS (133fafeb475f3f961056fa1ab2c8ec34)] -> xpath: //input[@placeholder='Last Name']]
2021-06-29 23:06:304 INFO  AddCustomerPage :41 - Send text : LE43NJ to field : [[ChromeDriver: chrome on WINDOWS (133fafeb475f3f961056fa1ab2c8ec34)] -> xpath: //input[@placeholder='Post Code']]
2021-06-29 23:06:475 INFO  AddCustomerPage :47 - Clicking on : [[ChromeDriver: chrome on WINDOWS (133fafeb475f3f961056fa1ab2c8ec34)] -> css selector: button.btn.btn-default]
2021-06-29 23:06:634 INFO  BankManagerLoginPage :27 - Clicking on : [[ChromeDriver: chrome on WINDOWS (133fafeb475f3f961056fa1ab2c8ec34)] -> xpath: //button[contains(text(),'Open Account')]]
2021-06-29 23:06:918 INFO  OpenAccountPage :26 - Clicking on [[ChromeDriver: chrome on WINDOWS (133fafeb475f3f961056fa1ab2c8ec34)] -> xpath: //select[@id='userSelect']]
2021-06-29 23:06:77 INFO  OpenAccountPage :31 - Select previous customer from : [[ChromeDriver: chrome on WINDOWS (133fafeb475f3f961056fa1ab2c8ec34)] -> xpath: //select[@id='userSelect']]
2021-06-29 23:06:170 INFO  OpenAccountPage :37 - Clicking on : [[ChromeDriver: chrome on WINDOWS (133fafeb475f3f961056fa1ab2c8ec34)] -> xpath: //select[@id='currency']]
2021-06-29 23:06:315 INFO  OpenAccountPage :42 - Select currency from : [[ChromeDriver: chrome on WINDOWS (133fafeb475f3f961056fa1ab2c8ec34)] -> xpath: //select[@id='currency']]
2021-06-29 23:06:764 INFO  BasePage :31 - Launching Chrome Browser 
2021-06-29 23:06:420 INFO  HomePage :22 - Clicking on : [[ChromeDriver: chrome on WINDOWS (a354ab1d0116d9c08b2ae4b9ad5218d2)] -> xpath: //button[contains(text(),'Bank Manager Login')]]
2021-06-29 23:06:840 INFO  BankManagerLoginPage :22 - Clicking on : [[ChromeDriver: chrome on WINDOWS (a354ab1d0116d9c08b2ae4b9ad5218d2)] -> xpath: //button[contains(text(),'Add Customer')]]
2021-06-29 23:06:967 INFO  AddCustomerPage :32 - Send text Jenna to field : [[ChromeDriver: chrome on WINDOWS (a354ab1d0116d9c08b2ae4b9ad5218d2)] -> xpath: //input[@placeholder='First Name']]
2021-06-29 23:06:63 INFO  AddCustomerPage :37 - Send text Salvator to field : [[ChromeDriver: chrome on WINDOWS (a354ab1d0116d9c08b2ae4b9ad5218d2)] -> xpath: //input[@placeholder='Last Name']]
2021-06-29 23:06:81 INFO  AddCustomerPage :41 - Send text : LE43NJ to field : [[ChromeDriver: chrome on WINDOWS (a354ab1d0116d9c08b2ae4b9ad5218d2)] -> xpath: //input[@placeholder='Post Code']]
2021-06-29 23:06:269 INFO  AddCustomerPage :47 - Clicking on : [[ChromeDriver: chrome on WINDOWS (a354ab1d0116d9c08b2ae4b9ad5218d2)] -> css selector: button.btn.btn-default]
2021-06-29 23:06:439 INFO  BankManagerLoginPage :27 - Clicking on : [[ChromeDriver: chrome on WINDOWS (a354ab1d0116d9c08b2ae4b9ad5218d2)] -> xpath: //button[contains(text(),'Open Account')]]
2021-06-29 23:06:739 INFO  OpenAccountPage :26 - Clicking on [[ChromeDriver: chrome on WINDOWS (a354ab1d0116d9c08b2ae4b9ad5218d2)] -> xpath: //select[@id='userSelect']]
2021-06-29 23:06:883 INFO  OpenAccountPage :31 - Select previous customer from : [[ChromeDriver: chrome on WINDOWS (a354ab1d0116d9c08b2ae4b9ad5218d2)] -> xpath: //select[@id='userSelect']]
2021-06-29 23:06:979 INFO  OpenAccountPage :37 - Clicking on : [[ChromeDriver: chrome on WINDOWS (a354ab1d0116d9c08b2ae4b9ad5218d2)] -> xpath: //select[@id='currency']]
2021-06-29 23:06:121 INFO  OpenAccountPage :42 - Select currency from : [[ChromeDriver: chrome on WINDOWS (a354ab1d0116d9c08b2ae4b9ad5218d2)] -> xpath: //select[@id='currency']]
2021-06-29 23:06:82 INFO  BasePage :31 - Launching Chrome Browser 
2021-06-29 23:06:712 INFO  HomePage :22 - Clicking on : [[ChromeDriver: chrome on WINDOWS (012b754c8ce122881e961f729f4fbdf3)] -> xpath: //button[contains(text(),'Bank Manager Login')]]
2021-06-29 23:06:82 INFO  BankManagerLoginPage :22 - Clicking on : [[ChromeDriver: chrome on WINDOWS (012b754c8ce122881e961f729f4fbdf3)] -> xpath: //button[contains(text(),'Add Customer')]]
2021-06-29 23:06:192 INFO  AddCustomerPage :32 - Send text Jenna to field : [[ChromeDriver: chrome on WINDOWS (012b754c8ce122881e961f729f4fbdf3)] -> xpath: //input[@placeholder='First Name']]
2021-06-29 23:06:287 INFO  AddCustomerPage :37 - Send text Salvator to field : [[ChromeDriver: chrome on WINDOWS (012b754c8ce122881e961f729f4fbdf3)] -> xpath: //input[@placeholder='Last Name']]
2021-06-29 23:06:306 INFO  AddCustomerPage :41 - Send text : LE43NJ to field : [[ChromeDriver: chrome on WINDOWS (012b754c8ce122881e961f729f4fbdf3)] -> xpath: //input[@placeholder='Post Code']]
2021-06-29 23:06:491 INFO  AddCustomerPage :47 - Clicking on : [[ChromeDriver: chrome on WINDOWS (012b754c8ce122881e961f729f4fbdf3)] -> css selector: button.btn.btn-default]
2021-06-29 23:06:666 INFO  BankManagerLoginPage :27 - Clicking on : [[ChromeDriver: chrome on WINDOWS (012b754c8ce122881e961f729f4fbdf3)] -> xpath: //button[contains(text(),'Open Account')]]
2021-06-29 23:06:902 INFO  OpenAccountPage :26 - Clicking on [[ChromeDriver: chrome on WINDOWS (012b754c8ce122881e961f729f4fbdf3)] -> xpath: //select[@id='userSelect']]
2021-06-29 23:06:45 INFO  OpenAccountPage :31 - Select previous customer from : [[ChromeDriver: chrome on WINDOWS (012b754c8ce122881e961f729f4fbdf3)] -> xpath: //select[@id='userSelect']]
2021-06-29 23:06:140 INFO  OpenAccountPage :37 - Clicking on : [[ChromeDriver: chrome on WINDOWS (012b754c8ce122881e961f729f4fbdf3)] -> xpath: //select[@id='currency']]
2021-06-29 23:06:283 INFO  OpenAccountPage :42 - Select currency from : [[ChromeDriver: chrome on WINDOWS (012b754c8ce122881e961f729f4fbdf3)] -> xpath: //select[@id='currency']]
2021-06-29 23:06:304 INFO  OpenAccountPage :46 - Clicking on : [[ChromeDriver: chrome on WINDOWS (012b754c8ce122881e961f729f4fbdf3)] -> xpath: //button[contains(text(),'Process')]]
2021-06-29 23:06:70 INFO  BasePage :31 - Launching Chrome Browser 
2021-06-29 23:06:831 INFO  HomePage :22 - Clicking on : [[ChromeDriver: chrome on WINDOWS (b3471f7b6b630dde5621b9fdd3a80c36)] -> xpath: //button[contains(text(),'Bank Manager Login')]]
2021-06-29 23:06:284 INFO  BankManagerLoginPage :22 - Clicking on : [[ChromeDriver: chrome on WINDOWS (b3471f7b6b630dde5621b9fdd3a80c36)] -> xpath: //button[contains(text(),'Add Customer')]]
2021-06-29 23:06:394 INFO  AddCustomerPage :32 - Send text Jenna to field : [[ChromeDriver: chrome on WINDOWS (b3471f7b6b630dde5621b9fdd3a80c36)] -> xpath: //input[@placeholder='First Name']]
2021-06-29 23:06:489 INFO  AddCustomerPage :37 - Send text Salvator to field : [[ChromeDriver: chrome on WINDOWS (b3471f7b6b630dde5621b9fdd3a80c36)] -> xpath: //input[@placeholder='Last Name']]
2021-06-29 23:06:509 INFO  AddCustomerPage :41 - Send text : LE43NJ to field : [[ChromeDriver: chrome on WINDOWS (b3471f7b6b630dde5621b9fdd3a80c36)] -> xpath: //input[@placeholder='Post Code']]
2021-06-29 23:06:696 INFO  AddCustomerPage :47 - Clicking on : [[ChromeDriver: chrome on WINDOWS (b3471f7b6b630dde5621b9fdd3a80c36)] -> css selector: button.btn.btn-default]
2021-06-29 23:06:808 INFO  AddCustomerPage :64 - Clicking on : [[ChromeDriver: chrome on WINDOWS (b3471f7b6b630dde5621b9fdd3a80c36)] -> xpath: //button[contains(text(),'Home')]]
2021-06-29 23:06:905 INFO  HomePage :28 - Clicking on : [[ChromeDriver: chrome on WINDOWS (b3471f7b6b630dde5621b9fdd3a80c36)] -> xpath: //button[contains(text(),'Customer Login')]]
2021-06-29 23:06:325 INFO  OpenAccountPage :31 - Select previous customer from : [[ChromeDriver: chrome on WINDOWS (b3471f7b6b630dde5621b9fdd3a80c36)] -> xpath: //select[@id='userSelect']]
2021-06-29 23:06:404 INFO  CustomersPage :31 - Clicking on : [[ChromeDriver: chrome on WINDOWS (b3471f7b6b630dde5621b9fdd3a80c36)] -> xpath: //button[contains(text(),'Login')]]
2021-06-29 23:06:452 INFO  AccountPage :32 - Getting text from : [[ChromeDriver: chrome on WINDOWS (b3471f7b6b630dde5621b9fdd3a80c36)] -> xpath: //button[contains(text(),'Logout')]]
2021-06-29 23:06:661 INFO  AccountPage :37 - Getting text from : Proxy element for: DefaultElementLocator 'By.xpath: //span[contains(text(),'Jenna Potter')]'
2021-06-29 23:06:775 INFO  BasePage :31 - Launching Chrome Browser 
2021-06-29 23:06:378 INFO  HomePage :22 - Clicking on : [[ChromeDriver: chrome on WINDOWS (23f7767553f7e29fc850cbf29f0579fa)] -> xpath: //button[contains(text(),'Bank Manager Login')]]
2021-06-29 23:06:696 INFO  BankManagerLoginPage :22 - Clicking on : [[ChromeDriver: chrome on WINDOWS (23f7767553f7e29fc850cbf29f0579fa)] -> xpath: //button[contains(text(),'Add Customer')]]
2021-06-29 23:06:818 INFO  AddCustomerPage :32 - Send text Jenna to field : [[ChromeDriver: chrome on WINDOWS (23f7767553f7e29fc850cbf29f0579fa)] -> xpath: //input[@placeholder='First Name']]
2021-06-29 23:06:912 INFO  AddCustomerPage :37 - Send text Salvator to field : [[ChromeDriver: chrome on WINDOWS (23f7767553f7e29fc850cbf29f0579fa)] -> xpath: //input[@placeholder='Last Name']]
2021-06-29 23:06:931 INFO  AddCustomerPage :41 - Send text : LE43NJ to field : [[ChromeDriver: chrome on WINDOWS (23f7767553f7e29fc850cbf29f0579fa)] -> xpath: //input[@placeholder='Post Code']]
2021-06-29 23:06:118 INFO  AddCustomerPage :47 - Clicking on : [[ChromeDriver: chrome on WINDOWS (23f7767553f7e29fc850cbf29f0579fa)] -> css selector: button.btn.btn-default]
2021-06-29 23:06:237 INFO  AddCustomerPage :64 - Clicking on : [[ChromeDriver: chrome on WINDOWS (23f7767553f7e29fc850cbf29f0579fa)] -> xpath: //button[contains(text(),'Home')]]
2021-06-29 23:06:329 INFO  HomePage :28 - Clicking on : [[ChromeDriver: chrome on WINDOWS (23f7767553f7e29fc850cbf29f0579fa)] -> xpath: //button[contains(text(),'Customer Login')]]
2021-06-29 23:06:737 INFO  OpenAccountPage :31 - Select previous customer from : [[ChromeDriver: chrome on WINDOWS (23f7767553f7e29fc850cbf29f0579fa)] -> xpath: //select[@id='userSelect']]
2021-06-29 23:06:801 INFO  CustomersPage :31 - Clicking on : [[ChromeDriver: chrome on WINDOWS (23f7767553f7e29fc850cbf29f0579fa)] -> xpath: //button[contains(text(),'Login')]]
2021-06-29 23:06:870 INFO  AccountPage :32 - Getting text from : [[ChromeDriver: chrome on WINDOWS (23f7767553f7e29fc850cbf29f0579fa)] -> xpath: //button[contains(text(),'Logout')]]
2021-06-29 23:06:598 INFO  AccountPage :37 - Getting text from : Proxy element for: DefaultElementLocator 'By.xpath: //span[contains(text(),'Jenna Potter')]'
2021-06-29 23:06:965 INFO  BasePage :31 - Launching Chrome Browser 
2021-06-29 23:06:538 INFO  HomePage :22 - Clicking on : [[ChromeDriver: chrome on WINDOWS (a279389c0034934482860839c20ab05b)] -> xpath: //button[contains(text(),'Bank Manager Login')]]
2021-06-29 23:06:871 INFO  BankManagerLoginPage :22 - Clicking on : [[ChromeDriver: chrome on WINDOWS (a279389c0034934482860839c20ab05b)] -> xpath: //button[contains(text(),'Add Customer')]]
2021-06-29 23:06:04 INFO  AddCustomerPage :32 - Send text Jenna to field : [[ChromeDriver: chrome on WINDOWS (a279389c0034934482860839c20ab05b)] -> xpath: //input[@placeholder='First Name']]
2021-06-29 23:06:97 INFO  AddCustomerPage :37 - Send text Salvator to field : [[ChromeDriver: chrome on WINDOWS (a279389c0034934482860839c20ab05b)] -> xpath: //input[@placeholder='Last Name']]
2021-06-29 23:06:117 INFO  AddCustomerPage :41 - Send text : LE43NJ to field : [[ChromeDriver: chrome on WINDOWS (a279389c0034934482860839c20ab05b)] -> xpath: //input[@placeholder='Post Code']]
2021-06-29 23:06:302 INFO  AddCustomerPage :47 - Clicking on : [[ChromeDriver: chrome on WINDOWS (a279389c0034934482860839c20ab05b)] -> css selector: button.btn.btn-default]
2021-06-29 23:06:417 INFO  AddCustomerPage :64 - Clicking on : [[ChromeDriver: chrome on WINDOWS (a279389c0034934482860839c20ab05b)] -> xpath: //button[contains(text(),'Home')]]
2021-06-29 23:06:522 INFO  HomePage :28 - Clicking on : [[ChromeDriver: chrome on WINDOWS (a279389c0034934482860839c20ab05b)] -> xpath: //button[contains(text(),'Customer Login')]]
2021-06-29 23:06:935 INFO  OpenAccountPage :31 - Select previous customer from : [[ChromeDriver: chrome on WINDOWS (a279389c0034934482860839c20ab05b)] -> xpath: //select[@id='userSelect']]
2021-06-29 23:06:14 INFO  CustomersPage :31 - Clicking on : [[ChromeDriver: chrome on WINDOWS (a279389c0034934482860839c20ab05b)] -> xpath: //button[contains(text(),'Login')]]
2021-06-29 23:06:63 INFO  AccountPage :32 - Getting text from : [[ChromeDriver: chrome on WINDOWS (a279389c0034934482860839c20ab05b)] -> xpath: //button[contains(text(),'Logout')]]
2021-06-29 23:06:672 INFO  AccountPage :37 - Getting text from : [[ChromeDriver: chrome on WINDOWS (a279389c0034934482860839c20ab05b)] -> xpath: //span[contains(text(),'Jenna Salvator')]]
2021-06-30 00:06:922 INFO  BasePage :31 - Launching Chrome Browser 
2021-06-30 00:06:480 INFO  HomePage :22 - Clicking on : [[ChromeDriver: chrome on WINDOWS (1e6034f24e11ad4765916a8fecbc3fec)] -> xpath: //button[contains(text(),'Bank Manager Login')]]
2021-06-30 00:06:842 INFO  BankManagerLoginPage :22 - Clicking on : [[ChromeDriver: chrome on WINDOWS (1e6034f24e11ad4765916a8fecbc3fec)] -> xpath: //button[contains(text(),'Add Customer')]]
2021-06-30 00:06:947 INFO  AddCustomerPage :32 - Send text Jenna to field : [[ChromeDriver: chrome on WINDOWS (1e6034f24e11ad4765916a8fecbc3fec)] -> xpath: //input[@placeholder='First Name']]
2021-06-30 00:06:42 INFO  AddCustomerPage :37 - Send text Salvator to field : [[ChromeDriver: chrome on WINDOWS (1e6034f24e11ad4765916a8fecbc3fec)] -> xpath: //input[@placeholder='Last Name']]
2021-06-30 00:06:63 INFO  AddCustomerPage :41 - Send text : LE43NJ to field : [[ChromeDriver: chrome on WINDOWS (1e6034f24e11ad4765916a8fecbc3fec)] -> xpath: //input[@placeholder='Post Code']]
2021-06-30 00:06:248 INFO  AddCustomerPage :47 - Clicking on : [[ChromeDriver: chrome on WINDOWS (1e6034f24e11ad4765916a8fecbc3fec)] -> css selector: button.btn.btn-default]
2021-06-30 00:06:413 INFO  BankManagerLoginPage :27 - Clicking on : [[ChromeDriver: chrome on WINDOWS (1e6034f24e11ad4765916a8fecbc3fec)] -> xpath: //button[contains(text(),'Open Account')]]
2021-06-30 00:06:699 INFO  OpenAccountPage :26 - Clicking on [[ChromeDriver: chrome on WINDOWS (1e6034f24e11ad4765916a8fecbc3fec)] -> xpath: //select[@id='userSelect']]
2021-06-30 00:06:841 INFO  OpenAccountPage :31 - Select previous customer from : [[ChromeDriver: chrome on WINDOWS (1e6034f24e11ad4765916a8fecbc3fec)] -> xpath: //select[@id='userSelect']]
2021-06-30 00:06:938 INFO  OpenAccountPage :37 - Clicking on : [[ChromeDriver: chrome on WINDOWS (1e6034f24e11ad4765916a8fecbc3fec)] -> xpath: //select[@id='currency']]
2021-06-30 00:06:80 INFO  OpenAccountPage :42 - Select currency from : [[ChromeDriver: chrome on WINDOWS (1e6034f24e11ad4765916a8fecbc3fec)] -> xpath: //select[@id='currency']]
2021-06-30 00:06:99 INFO  OpenAccountPage :46 - Clicking on : [[ChromeDriver: chrome on WINDOWS (1e6034f24e11ad4765916a8fecbc3fec)] -> xpath: //button[contains(text(),'Process')]]
2021-06-30 00:06:227 INFO  AddCustomerPage :64 - Clicking on : [[ChromeDriver: chrome on WINDOWS (1e6034f24e11ad4765916a8fecbc3fec)] -> xpath: //button[contains(text(),'Home')]]
2021-06-30 00:06:303 INFO  HomePage :28 - Clicking on : [[ChromeDriver: chrome on WINDOWS (1e6034f24e11ad4765916a8fecbc3fec)] -> xpath: //button[contains(text(),'Customer Login')]]
2021-06-30 00:06:694 INFO  OpenAccountPage :31 - Select previous customer from : [[ChromeDriver: chrome on WINDOWS (1e6034f24e11ad4765916a8fecbc3fec)] -> xpath: //select[@id='userSelect']]
2021-06-30 00:06:774 INFO  CustomersPage :31 - Clicking on : [[ChromeDriver: chrome on WINDOWS (1e6034f24e11ad4765916a8fecbc3fec)] -> xpath: //button[contains(text(),'Login')]]
2021-06-30 00:06:479 INFO  BasePage :31 - Launching Chrome Browser 
2021-06-30 00:06:353 INFO  HomePage :22 - Clicking on : [[ChromeDriver: chrome on WINDOWS (b111f53f201e7f2264ffe1725e1eedc5)] -> xpath: //button[contains(text(),'Bank Manager Login')]]
2021-06-30 00:06:679 INFO  BankManagerLoginPage :22 - Clicking on : [[ChromeDriver: chrome on WINDOWS (b111f53f201e7f2264ffe1725e1eedc5)] -> xpath: //button[contains(text(),'Add Customer')]]
2021-06-30 00:06:787 INFO  AddCustomerPage :32 - Send text Jenna to field : [[ChromeDriver: chrome on WINDOWS (b111f53f201e7f2264ffe1725e1eedc5)] -> xpath: //input[@placeholder='First Name']]
2021-06-30 00:06:878 INFO  AddCustomerPage :37 - Send text Salvator to field : [[ChromeDriver: chrome on WINDOWS (b111f53f201e7f2264ffe1725e1eedc5)] -> xpath: //input[@placeholder='Last Name']]
2021-06-30 00:06:897 INFO  AddCustomerPage :41 - Send text : LE43NJ to field : [[ChromeDriver: chrome on WINDOWS (b111f53f201e7f2264ffe1725e1eedc5)] -> xpath: //input[@placeholder='Post Code']]
2021-06-30 00:06:37 INFO  AddCustomerPage :47 - Clicking on : [[ChromeDriver: chrome on WINDOWS (b111f53f201e7f2264ffe1725e1eedc5)] -> css selector: button.btn.btn-default]
2021-06-30 00:06:149 INFO  AddCustomerPage :64 - Clicking on : [[ChromeDriver: chrome on WINDOWS (b111f53f201e7f2264ffe1725e1eedc5)] -> xpath: //button[contains(text(),'Home')]]
2021-06-30 00:06:229 INFO  HomePage :28 - Clicking on : [[ChromeDriver: chrome on WINDOWS (b111f53f201e7f2264ffe1725e1eedc5)] -> xpath: //button[contains(text(),'Customer Login')]]
2021-06-30 00:06:617 INFO  OpenAccountPage :31 - Select previous customer from : [[ChromeDriver: chrome on WINDOWS (b111f53f201e7f2264ffe1725e1eedc5)] -> xpath: //select[@id='userSelect']]
2021-06-30 00:06:697 INFO  CustomersPage :31 - Clicking on : [[ChromeDriver: chrome on WINDOWS (b111f53f201e7f2264ffe1725e1eedc5)] -> xpath: //button[contains(text(),'Login')]]
2021-06-30 00:06:758 INFO  AccountPage :32 - Getting text from : [[ChromeDriver: chrome on WINDOWS (b111f53f201e7f2264ffe1725e1eedc5)] -> xpath: //button[contains(text(),'Logout')]]
2021-06-30 00:06:342 INFO  AccountPage :37 - Getting text from : [[ChromeDriver: chrome on WINDOWS (b111f53f201e7f2264ffe1725e1eedc5)] -> xpath: //span[contains(text(),'Jenna Salvator')]]
2021-06-30 00:06:799 INFO  BasePage :31 - Launching Chrome Browser 
2021-06-30 00:06:479 INFO  HomePage :22 - Clicking on : [[ChromeDriver: chrome on WINDOWS (8bd4af7880bbbe0648b41ac06f54788b)] -> xpath: //button[contains(text(),'Bank Manager Login')]]
2021-06-30 00:06:839 INFO  BankManagerLoginPage :22 - Clicking on : [[ChromeDriver: chrome on WINDOWS (8bd4af7880bbbe0648b41ac06f54788b)] -> xpath: //button[contains(text(),'Add Customer')]]
2021-06-30 00:06:988 INFO  AddCustomerPage :32 - Send text Jenna to field : [[ChromeDriver: chrome on WINDOWS (8bd4af7880bbbe0648b41ac06f54788b)] -> xpath: //input[@placeholder='First Name']]
2021-06-30 00:06:119 INFO  AddCustomerPage :37 - Send text Salvator to field : [[ChromeDriver: chrome on WINDOWS (8bd4af7880bbbe0648b41ac06f54788b)] -> xpath: //input[@placeholder='Last Name']]
2021-06-30 00:06:147 INFO  AddCustomerPage :41 - Send text : LE43NJ to field : [[ChromeDriver: chrome on WINDOWS (8bd4af7880bbbe0648b41ac06f54788b)] -> xpath: //input[@placeholder='Post Code']]
2021-06-30 00:06:339 INFO  AddCustomerPage :47 - Clicking on : [[ChromeDriver: chrome on WINDOWS (8bd4af7880bbbe0648b41ac06f54788b)] -> css selector: button.btn.btn-default]
2021-06-30 00:06:499 INFO  BankManagerLoginPage :27 - Clicking on : [[ChromeDriver: chrome on WINDOWS (8bd4af7880bbbe0648b41ac06f54788b)] -> xpath: //button[contains(text(),'Open Account')]]
2021-06-30 00:06:786 INFO  OpenAccountPage :26 - Clicking on [[ChromeDriver: chrome on WINDOWS (8bd4af7880bbbe0648b41ac06f54788b)] -> xpath: //select[@id='userSelect']]
2021-06-30 00:06:914 INFO  OpenAccountPage :31 - Select previous customer from : [[ChromeDriver: chrome on WINDOWS (8bd4af7880bbbe0648b41ac06f54788b)] -> xpath: //select[@id='userSelect']]
2021-06-30 00:06:29 INFO  OpenAccountPage :37 - Clicking on : [[ChromeDriver: chrome on WINDOWS (8bd4af7880bbbe0648b41ac06f54788b)] -> xpath: //select[@id='currency']]
2021-06-30 00:06:199 INFO  OpenAccountPage :42 - Select currency from : [[ChromeDriver: chrome on WINDOWS (8bd4af7880bbbe0648b41ac06f54788b)] -> xpath: //select[@id='currency']]
2021-06-30 00:06:216 INFO  OpenAccountPage :46 - Clicking on : [[ChromeDriver: chrome on WINDOWS (8bd4af7880bbbe0648b41ac06f54788b)] -> xpath: //button[contains(text(),'Process')]]
2021-06-30 00:06:379 INFO  AddCustomerPage :64 - Clicking on : [[ChromeDriver: chrome on WINDOWS (8bd4af7880bbbe0648b41ac06f54788b)] -> xpath: //button[contains(text(),'Home')]]
2021-06-30 00:06:519 INFO  HomePage :28 - Clicking on : [[ChromeDriver: chrome on WINDOWS (8bd4af7880bbbe0648b41ac06f54788b)] -> xpath: //button[contains(text(),'Customer Login')]]
2021-06-30 00:06:41 INFO  OpenAccountPage :31 - Select previous customer from : [[ChromeDriver: chrome on WINDOWS (8bd4af7880bbbe0648b41ac06f54788b)] -> xpath: //select[@id='userSelect']]
2021-06-30 00:06:209 INFO  CustomersPage :31 - Clicking on : [[ChromeDriver: chrome on WINDOWS (8bd4af7880bbbe0648b41ac06f54788b)] -> xpath: //button[contains(text(),'Login')]]
2021-06-30 00:06:409 INFO  AccountPage :43 - Clicking on : [[ChromeDriver: chrome on WINDOWS (8bd4af7880bbbe0648b41ac06f54788b)] -> xpath: //button[contains(text(),'Deposit')]]
2021-06-30 00:06:139 INFO  AccountPage :48 - Sent amount to : [[ChromeDriver: chrome on WINDOWS (8bd4af7880bbbe0648b41ac06f54788b)] -> xpath: //input[@placeholder='amount']]<br>
2021-06-30 00:06:396 INFO  AccountPage :53 - Clicking on : [[ChromeDriver: chrome on WINDOWS (8bd4af7880bbbe0648b41ac06f54788b)] -> xpath: (//button[contains(text(),'Deposit')])[2]]
2021-06-30 00:06:949 INFO  AccountPage :57 - Getting text from : [[ChromeDriver: chrome on WINDOWS (8bd4af7880bbbe0648b41ac06f54788b)] -> xpath: //span[contains(text(),'Deposit Successful')]]
2021-06-30 00:06:859 INFO  BasePage :31 - Launching Chrome Browser 
2021-06-30 00:06:18 INFO  HomePage :22 - Clicking on : [[ChromeDriver: chrome on WINDOWS (5142153137b752f347c60d4c71926fcc)] -> xpath: //button[contains(text(),'Bank Manager Login')]]
2021-06-30 00:06:527 INFO  BankManagerLoginPage :22 - Clicking on : [[ChromeDriver: chrome on WINDOWS (5142153137b752f347c60d4c71926fcc)] -> xpath: //button[contains(text(),'Add Customer')]]
2021-06-30 00:06:618 INFO  AddCustomerPage :32 - Send text Jenna to field : [[ChromeDriver: chrome on WINDOWS (5142153137b752f347c60d4c71926fcc)] -> xpath: //input[@placeholder='First Name']]
2021-06-30 00:06:719 INFO  AddCustomerPage :37 - Send text Salvator to field : [[ChromeDriver: chrome on WINDOWS (5142153137b752f347c60d4c71926fcc)] -> xpath: //input[@placeholder='Last Name']]
2021-06-30 00:06:748 INFO  AddCustomerPage :41 - Send text : LE43NJ to field : [[ChromeDriver: chrome on WINDOWS (5142153137b752f347c60d4c71926fcc)] -> xpath: //input[@placeholder='Post Code']]
2021-06-30 00:06:898 INFO  AddCustomerPage :47 - Clicking on : [[ChromeDriver: chrome on WINDOWS (5142153137b752f347c60d4c71926fcc)] -> css selector: button.btn.btn-default]
2021-06-30 00:06:49 INFO  AddCustomerPage :64 - Clicking on : [[ChromeDriver: chrome on WINDOWS (5142153137b752f347c60d4c71926fcc)] -> xpath: //button[contains(text(),'Home')]]
2021-06-30 00:06:129 INFO  HomePage :28 - Clicking on : [[ChromeDriver: chrome on WINDOWS (5142153137b752f347c60d4c71926fcc)] -> xpath: //button[contains(text(),'Customer Login')]]
2021-06-30 00:06:558 INFO  OpenAccountPage :31 - Select previous customer from : [[ChromeDriver: chrome on WINDOWS (5142153137b752f347c60d4c71926fcc)] -> xpath: //select[@id='userSelect']]
2021-06-30 00:06:678 INFO  CustomersPage :31 - Clicking on : [[ChromeDriver: chrome on WINDOWS (5142153137b752f347c60d4c71926fcc)] -> xpath: //button[contains(text(),'Login')]]
2021-06-30 00:06:708 INFO  AccountPage :32 - Getting text from : [[ChromeDriver: chrome on WINDOWS (5142153137b752f347c60d4c71926fcc)] -> xpath: //button[contains(text(),'Logout')]]
2021-06-30 00:06:269 INFO  AccountPage :37 - Getting text from : [[ChromeDriver: chrome on WINDOWS (5142153137b752f347c60d4c71926fcc)] -> xpath: //span[contains(text(),'Jenna Salvator')]]
2021-06-30 01:06:643 INFO  BasePage :31 - Launching Chrome Browser 
2021-06-30 01:06:483 INFO  HomePage :22 - Clicking on : [[ChromeDriver: chrome on WINDOWS (9140776eb028ceeb49026c7f591803c6)] -> xpath: //button[contains(text(),'Bank Manager Login')]]
2021-06-30 01:06:860 INFO  BankManagerLoginPage :22 - Clicking on : [[ChromeDriver: chrome on WINDOWS (9140776eb028ceeb49026c7f591803c6)] -> xpath: //button[contains(text(),'Add Customer')]]
2021-06-30 01:06:984 INFO  AddCustomerPage :32 - Send text Jenna to field : [[ChromeDriver: chrome on WINDOWS (9140776eb028ceeb49026c7f591803c6)] -> xpath: //input[@placeholder='First Name']]
2021-06-30 01:06:93 INFO  AddCustomerPage :37 - Send text Salvator to field : [[ChromeDriver: chrome on WINDOWS (9140776eb028ceeb49026c7f591803c6)] -> xpath: //input[@placeholder='Last Name']]
2021-06-30 01:06:102 INFO  AddCustomerPage :41 - Send text : LE43NJ to field : [[ChromeDriver: chrome on WINDOWS (9140776eb028ceeb49026c7f591803c6)] -> xpath: //input[@placeholder='Post Code']]
2021-06-30 01:06:313 INFO  AddCustomerPage :47 - Clicking on : [[ChromeDriver: chrome on WINDOWS (9140776eb028ceeb49026c7f591803c6)] -> css selector: button.btn.btn-default]
2021-06-30 01:06:523 INFO  BankManagerLoginPage :27 - Clicking on : [[ChromeDriver: chrome on WINDOWS (9140776eb028ceeb49026c7f591803c6)] -> xpath: //button[contains(text(),'Open Account')]]
2021-06-30 01:06:873 INFO  OpenAccountPage :26 - Clicking on [[ChromeDriver: chrome on WINDOWS (9140776eb028ceeb49026c7f591803c6)] -> xpath: //select[@id='userSelect']]
2021-06-30 01:06:08 INFO  OpenAccountPage :31 - Select previous customer from : [[ChromeDriver: chrome on WINDOWS (9140776eb028ceeb49026c7f591803c6)] -> xpath: //select[@id='userSelect']]
2021-06-30 01:06:123 INFO  OpenAccountPage :37 - Clicking on : [[ChromeDriver: chrome on WINDOWS (9140776eb028ceeb49026c7f591803c6)] -> xpath: //select[@id='currency']]
2021-06-30 01:06:292 INFO  OpenAccountPage :42 - Select currency from : [[ChromeDriver: chrome on WINDOWS (9140776eb028ceeb49026c7f591803c6)] -> xpath: //select[@id='currency']]
2021-06-30 01:06:328 INFO  OpenAccountPage :46 - Clicking on : [[ChromeDriver: chrome on WINDOWS (9140776eb028ceeb49026c7f591803c6)] -> xpath: //button[contains(text(),'Process')]]
2021-06-30 01:06:533 INFO  AddCustomerPage :64 - Clicking on : [[ChromeDriver: chrome on WINDOWS (9140776eb028ceeb49026c7f591803c6)] -> xpath: //button[contains(text(),'Home')]]
2021-06-30 01:06:658 INFO  HomePage :28 - Clicking on : [[ChromeDriver: chrome on WINDOWS (9140776eb028ceeb49026c7f591803c6)] -> xpath: //button[contains(text(),'Customer Login')]]
2021-06-30 01:06:149 INFO  OpenAccountPage :31 - Select previous customer from : [[ChromeDriver: chrome on WINDOWS (9140776eb028ceeb49026c7f591803c6)] -> xpath: //select[@id='userSelect']]
2021-06-30 01:06:293 INFO  CustomersPage :31 - Clicking on : [[ChromeDriver: chrome on WINDOWS (9140776eb028ceeb49026c7f591803c6)] -> xpath: //button[contains(text(),'Login')]]
2021-06-30 01:06:513 INFO  AccountPage :43 - Clicking on : [[ChromeDriver: chrome on WINDOWS (9140776eb028ceeb49026c7f591803c6)] -> xpath: //button[contains(text(),'Deposit')]]
2021-06-30 01:06:263 INFO  AccountPage :48 - Sent amount to : [[ChromeDriver: chrome on WINDOWS (9140776eb028ceeb49026c7f591803c6)] -> xpath: //input[@placeholder='amount']]<br>
2021-06-30 01:06:463 INFO  AccountPage :53 - Clicking on : [[ChromeDriver: chrome on WINDOWS (9140776eb028ceeb49026c7f591803c6)] -> xpath: (//button[contains(text(),'Deposit')])[2]]
2021-06-30 01:06:483 INFO  AddCustomerPage :64 - Clicking on : [[ChromeDriver: chrome on WINDOWS (9140776eb028ceeb49026c7f591803c6)] -> xpath: //button[contains(text(),'Home')]]
2021-06-30 01:06:603 INFO  HomePage :28 - Clicking on : [[ChromeDriver: chrome on WINDOWS (9140776eb028ceeb49026c7f591803c6)] -> xpath: //button[contains(text(),'Customer Login')]]
2021-06-30 01:06:882 INFO  OpenAccountPage :31 - Select previous customer from : [[ChromeDriver: chrome on WINDOWS (9140776eb028ceeb49026c7f591803c6)] -> xpath: //select[@id='userSelect']]
2021-06-30 01:06:98 INFO  CustomersPage :31 - Clicking on : Proxy element for: DefaultElementLocator 'By.xpath: //button[contains(text(),'Login')]'
2021-06-30 01:06:293 INFO  AccountPage :62 - Clicking on : [[ChromeDriver: chrome on WINDOWS (9140776eb028ceeb49026c7f591803c6)] -> xpath: //button[contains(text(),'Withdrawl')]]
2021-06-30 01:06:03 INFO  AccountPage :48 - Sent amount to : [[ChromeDriver: chrome on WINDOWS (9140776eb028ceeb49026c7f591803c6)] -> xpath: //input[@placeholder='amount']]<br>
2021-06-30 01:06:212 INFO  AccountPage :68 - Clicking on : [[ChromeDriver: chrome on WINDOWS (9140776eb028ceeb49026c7f591803c6)] -> xpath: (//button[contains(text(),'Withdraw')])[2]]
2021-06-30 01:06:263 INFO  AccountPage :72 - Getting text from : [[ChromeDriver: chrome on WINDOWS (9140776eb028ceeb49026c7f591803c6)] -> xpath: //span[contains(text(),'Transaction successful')]]
2021-06-30 01:06:682 INFO  BasePage :31 - Launching Chrome Browser 
2021-06-30 01:06:401 INFO  HomePage :22 - Clicking on : [[ChromeDriver: chrome on WINDOWS (e25bff290699eda46a881c49c298e5e5)] -> xpath: //button[contains(text(),'Bank Manager Login')]]
2021-06-30 01:06:818 INFO  BankManagerLoginPage :22 - Clicking on : [[ChromeDriver: chrome on WINDOWS (e25bff290699eda46a881c49c298e5e5)] -> xpath: //button[contains(text(),'Add Customer')]]
2021-06-30 01:06:932 INFO  AddCustomerPage :32 - Send text Jenna to field : [[ChromeDriver: chrome on WINDOWS (e25bff290699eda46a881c49c298e5e5)] -> xpath: //input[@placeholder='First Name']]
2021-06-30 01:06:23 INFO  AddCustomerPage :37 - Send text Salvator to field : [[ChromeDriver: chrome on WINDOWS (e25bff290699eda46a881c49c298e5e5)] -> xpath: //input[@placeholder='Last Name']]
2021-06-30 01:06:31 INFO  AddCustomerPage :41 - Send text : LE43NJ to field : [[ChromeDriver: chrome on WINDOWS (e25bff290699eda46a881c49c298e5e5)] -> xpath: //input[@placeholder='Post Code']]
2021-06-30 01:06:227 INFO  AddCustomerPage :47 - Clicking on : [[ChromeDriver: chrome on WINDOWS (e25bff290699eda46a881c49c298e5e5)] -> css selector: button.btn.btn-default]
2021-06-30 01:06:72 INFO  BasePage :31 - Launching Chrome Browser 
2021-06-30 01:06:146 INFO  HomePage :22 - Clicking on : [[ChromeDriver: chrome on WINDOWS (becdc0f7dd645e06a29b9114a41690b8)] -> xpath: //button[contains(text(),'Bank Manager Login')]]
2021-06-30 01:06:492 INFO  BankManagerLoginPage :22 - Clicking on : [[ChromeDriver: chrome on WINDOWS (becdc0f7dd645e06a29b9114a41690b8)] -> xpath: //button[contains(text(),'Add Customer')]]
2021-06-30 01:06:602 INFO  AddCustomerPage :32 - Send text Jenna to field : [[ChromeDriver: chrome on WINDOWS (becdc0f7dd645e06a29b9114a41690b8)] -> xpath: //input[@placeholder='First Name']]
2021-06-30 01:06:701 INFO  AddCustomerPage :37 - Send text Salvator to field : [[ChromeDriver: chrome on WINDOWS (becdc0f7dd645e06a29b9114a41690b8)] -> xpath: //input[@placeholder='Last Name']]
2021-06-30 01:06:717 INFO  AddCustomerPage :41 - Send text : LE43NJ to field : [[ChromeDriver: chrome on WINDOWS (becdc0f7dd645e06a29b9114a41690b8)] -> xpath: //input[@placeholder='Post Code']]
2021-06-30 01:06:873 INFO  AddCustomerPage :47 - Clicking on : [[ChromeDriver: chrome on WINDOWS (becdc0f7dd645e06a29b9114a41690b8)] -> css selector: button.btn.btn-default]
2021-06-30 01:06:38 INFO  BankManagerLoginPage :27 - Clicking on : [[ChromeDriver: chrome on WINDOWS (becdc0f7dd645e06a29b9114a41690b8)] -> xpath: //button[contains(text(),'Open Account')]]
2021-06-30 01:06:402 INFO  OpenAccountPage :26 - Clicking on [[ChromeDriver: chrome on WINDOWS (becdc0f7dd645e06a29b9114a41690b8)] -> xpath: //select[@id='userSelect']]
2021-06-30 01:06:564 INFO  OpenAccountPage :31 - Select previous customer from : [[ChromeDriver: chrome on WINDOWS (becdc0f7dd645e06a29b9114a41690b8)] -> xpath: //select[@id='userSelect']]
2021-06-30 01:06:652 INFO  OpenAccountPage :37 - Clicking on : [[ChromeDriver: chrome on WINDOWS (becdc0f7dd645e06a29b9114a41690b8)] -> xpath: //select[@id='currency']]
2021-06-30 01:06:782 INFO  OpenAccountPage :42 - Select currency from : [[ChromeDriver: chrome on WINDOWS (becdc0f7dd645e06a29b9114a41690b8)] -> xpath: //select[@id='currency']]
2021-06-30 01:06:809 INFO  OpenAccountPage :46 - Clicking on : [[ChromeDriver: chrome on WINDOWS (becdc0f7dd645e06a29b9114a41690b8)] -> xpath: //button[contains(text(),'Process')]]
2021-06-30 01:06:847 INFO  BasePage :31 - Launching Chrome Browser 
2021-06-30 01:06:842 INFO  HomePage :22 - Clicking on : [[ChromeDriver: chrome on WINDOWS (2986fd139e11eb0865df61b4969586dd)] -> xpath: //button[contains(text(),'Bank Manager Login')]]
2021-06-30 01:06:291 INFO  BankManagerLoginPage :22 - Clicking on : [[ChromeDriver: chrome on WINDOWS (2986fd139e11eb0865df61b4969586dd)] -> xpath: //button[contains(text(),'Add Customer')]]
2021-06-30 01:06:392 INFO  AddCustomerPage :32 - Send text Jenna to field : [[ChromeDriver: chrome on WINDOWS (2986fd139e11eb0865df61b4969586dd)] -> xpath: //input[@placeholder='First Name']]
2021-06-30 01:06:482 INFO  AddCustomerPage :37 - Send text Salvator to field : [[ChromeDriver: chrome on WINDOWS (2986fd139e11eb0865df61b4969586dd)] -> xpath: //input[@placeholder='Last Name']]
2021-06-30 01:06:492 INFO  AddCustomerPage :41 - Send text : LE43NJ to field : [[ChromeDriver: chrome on WINDOWS (2986fd139e11eb0865df61b4969586dd)] -> xpath: //input[@placeholder='Post Code']]
2021-06-30 01:06:682 INFO  AddCustomerPage :47 - Clicking on : [[ChromeDriver: chrome on WINDOWS (2986fd139e11eb0865df61b4969586dd)] -> css selector: button.btn.btn-default]
